0 info it worked if it ends with ok
1 verbose cli [ 'node',
1 verbose cli   '/usr/local/bin/npm',
1 verbose cli   'install',
1 verbose cli   '-g',
1 verbose cli   'grunt',
1 verbose cli   'grunt-cli' ]
2 info using npm@2.11.2
3 info using node@v0.12.5
4 verbose node symlink /usr/local/bin/node
5 verbose install initial load of /Users/jason.toups/.node/lib/package.json
6 verbose readDependencies loading dependencies from /Users/jason.toups/.node/lib/package.json
7 silly cache add args [ 'grunt', null ]
8 verbose cache add spec grunt
9 silly cache add args [ 'grunt-cli', null ]
10 verbose cache add spec grunt-cli
11 silly cache add parsed spec { raw: 'grunt',
11 silly cache add   scope: null,
11 silly cache add   name: 'grunt',
11 silly cache add   rawSpec: '',
11 silly cache add   spec: '*',
11 silly cache add   type: 'range' }
12 silly addNamed grunt@*
13 verbose addNamed "*" is a valid semver range for grunt
14 silly addNameRange { name: 'grunt', range: '*', hasData: false }
15 silly mapToRegistry name grunt
16 silly mapToRegistry using default registry
17 silly mapToRegistry registry https://registry.npmjs.org/
18 silly mapToRegistry uri https://registry.npmjs.org/grunt
19 verbose addNameRange registry:https://registry.npmjs.org/grunt not in flight; fetching
20 silly cache add parsed spec { raw: 'grunt-cli',
20 silly cache add   scope: null,
20 silly cache add   name: 'grunt-cli',
20 silly cache add   rawSpec: '',
20 silly cache add   spec: '*',
20 silly cache add   type: 'range' }
21 silly addNamed grunt-cli@*
22 verbose addNamed "*" is a valid semver range for grunt-cli
23 silly addNameRange { name: 'grunt-cli', range: '*', hasData: false }
24 silly mapToRegistry name grunt-cli
25 silly mapToRegistry using default registry
26 silly mapToRegistry registry https://registry.npmjs.org/
27 silly mapToRegistry uri https://registry.npmjs.org/grunt-cli
28 verbose addNameRange registry:https://registry.npmjs.org/grunt-cli not in flight; fetching
29 verbose request uri https://registry.npmjs.org/grunt
30 verbose request no auth needed
31 info attempt registry request try #1 at 15:09:01
32 verbose request id c33967f17a5eab09
33 verbose etag "CGPRBZWY5IDQO3SPVB1G80THV"
34 http request GET https://registry.npmjs.org/grunt
35 verbose request uri https://registry.npmjs.org/grunt-cli
36 verbose request no auth needed
37 info attempt registry request try #1 at 15:09:01
38 verbose etag "26N0GMMHEW7TF327V97DB1WS8"
39 http request GET https://registry.npmjs.org/grunt-cli
40 http 304 https://registry.npmjs.org/grunt-cli
41 silly get cb [ 304,
41 silly get   { date: 'Tue, 23 Jun 2015 22:08:14 GMT',
41 silly get     via: '1.1 varnish',
41 silly get     'cache-control': 'max-age=60',
41 silly get     etag: '"26N0GMMHEW7TF327V97DB1WS8"',
41 silly get     age: '28',
41 silly get     connection: 'keep-alive',
41 silly get     'x-served-by': 'cache-lax1422-LAX',
41 silly get     'x-cache': 'HIT',
41 silly get     'x-cache-hits': '1',
41 silly get     'x-timer': 'S1435097294.385610,VS0,VE0',
41 silly get     vary: 'Accept' } ]
42 verbose etag https://registry.npmjs.org/grunt-cli from cache
43 verbose get saving grunt-cli to /Users/jason.toups/.npm/registry.npmjs.org/grunt-cli/.cache.json
44 silly addNameRange number 2 { name: 'grunt-cli', range: '*', hasData: true }
45 silly addNameRange versions [ 'grunt-cli',
45 silly addNameRange   [ '0.1.0',
45 silly addNameRange     '0.1.1',
45 silly addNameRange     '0.1.2',
45 silly addNameRange     '0.1.3',
45 silly addNameRange     '0.1.4',
45 silly addNameRange     '0.1.5',
45 silly addNameRange     '0.1.6',
45 silly addNameRange     '0.1.7',
45 silly addNameRange     '0.1.8',
45 silly addNameRange     '0.1.9',
45 silly addNameRange     '0.1.10',
45 silly addNameRange     '0.1.11',
45 silly addNameRange     '0.1.12',
45 silly addNameRange     '0.1.13' ] ]
46 silly addNamed grunt-cli@0.1.13
47 verbose addNamed "0.1.13" is a plain semver version for grunt-cli
48 silly cache afterAdd grunt-cli@0.1.13
49 verbose afterAdd /Users/jason.toups/.npm/grunt-cli/0.1.13/package/package.json not in flight; writing
50 verbose afterAdd /Users/jason.toups/.npm/grunt-cli/0.1.13/package/package.json written
51 http 304 https://registry.npmjs.org/grunt
52 silly get cb [ 304,
52 silly get   { date: 'Tue, 23 Jun 2015 22:08:14 GMT',
52 silly get     via: '1.1 varnish',
52 silly get     'cache-control': 'max-age=60',
52 silly get     etag: '"CGPRBZWY5IDQO3SPVB1G80THV"',
52 silly get     age: '0',
52 silly get     connection: 'keep-alive',
52 silly get     'x-served-by': 'cache-lax1429-LAX',
52 silly get     'x-cache': 'HIT',
52 silly get     'x-cache-hits': '1',
52 silly get     'x-timer': 'S1435097294.383724,VS0,VE175',
52 silly get     vary: 'Accept' } ]
53 verbose etag https://registry.npmjs.org/grunt from cache
54 verbose get saving grunt to /Users/jason.toups/.npm/registry.npmjs.org/grunt/.cache.json
55 silly addNameRange number 2 { name: 'grunt', range: '*', hasData: true }
56 silly addNameRange versions [ 'grunt',
56 silly addNameRange   [ '0.1.0',
56 silly addNameRange     '0.1.1',
56 silly addNameRange     '0.1.2',
56 silly addNameRange     '0.2.0',
56 silly addNameRange     '0.2.1',
56 silly addNameRange     '0.2.2',
56 silly addNameRange     '0.2.3',
56 silly addNameRange     '0.2.4',
56 silly addNameRange     '0.2.5',
56 silly addNameRange     '0.2.6',
56 silly addNameRange     '0.2.7',
56 silly addNameRange     '0.2.8',
56 silly addNameRange     '0.2.9',
56 silly addNameRange     '0.2.10',
56 silly addNameRange     '0.2.11',
56 silly addNameRange     '0.2.12',
56 silly addNameRange     '0.2.13',
56 silly addNameRange     '0.2.14',
56 silly addNameRange     '0.2.15',
56 silly addNameRange     '0.3.0',
56 silly addNameRange     '0.3.1',
56 silly addNameRange     '0.3.2',
56 silly addNameRange     '0.3.3',
56 silly addNameRange     '0.3.4',
56 silly addNameRange     '0.3.5',
56 silly addNameRange     '0.3.6',
56 silly addNameRange     '0.3.7',
56 silly addNameRange     '0.3.8',
56 silly addNameRange     '0.3.9',
56 silly addNameRange     '0.3.10',
56 silly addNameRange     '0.3.11',
56 silly addNameRange     '0.3.12',
56 silly addNameRange     '0.3.13',
56 silly addNameRange     '0.3.14',
56 silly addNameRange     '0.3.15',
56 silly addNameRange     '0.3.16',
56 silly addNameRange     '0.3.17',
56 silly addNameRange     '0.4.0',
56 silly addNameRange     '0.4.1',
56 silly addNameRange     '0.4.2',
56 silly addNameRange     '0.4.3',
56 silly addNameRange     '0.4.4',
56 silly addNameRange     '0.4.5',
56 silly addNameRange     '0.3.13-a',
56 silly addNameRange     '0.4.0-a',
56 silly addNameRange     '0.4.0-rc1',
56 silly addNameRange     '0.4.0-rc2',
56 silly addNameRange     '0.4.0-rc3',
56 silly addNameRange     '0.4.0-rc4',
56 silly addNameRange     '0.4.0-rc5',
56 silly addNameRange     '0.4.0-rc6',
56 silly addNameRange     '0.4.0-rc7',
56 silly addNameRange     '0.4.0-rc8' ] ]
57 silly addNamed grunt@0.4.5
58 verbose addNamed "0.4.5" is a plain semver version for grunt
59 silly cache afterAdd grunt@0.4.5
60 verbose afterAdd /Users/jason.toups/.npm/grunt/0.4.5/package/package.json not in flight; writing
61 verbose afterAdd /Users/jason.toups/.npm/grunt/0.4.5/package/package.json written
62 silly install resolved [ { name: 'grunt-cli',
62 silly install resolved     description: 'The grunt command line interface.',
62 silly install resolved     version: '0.1.13',
62 silly install resolved     author: { name: 'Grunt Team' },
62 silly install resolved     homepage: 'http://gruntjs.com/',
62 silly install resolved     repository: { type: 'git', url: 'git://github.com/gruntjs/grunt-cli.git' },
62 silly install resolved     bugs: { url: 'http://github.com/gruntjs/grunt-cli/issues' },
62 silly install resolved     licenses: [ [Object] ],
62 silly install resolved     bin: { grunt: 'bin/grunt' },
62 silly install resolved     engines: { node: '>= 0.8.0' },
62 silly install resolved     scripts: { test: 'node bin/grunt test' },
62 silly install resolved     preferGlobal: true,
62 silly install resolved     dependencies: { nopt: '~1.0.10', 'findup-sync': '~0.1.0', resolve: '~0.3.1' },
62 silly install resolved     devDependencies: { grunt: '~0.4.0', 'grunt-contrib-jshint': '~0.2.0' },
62 silly install resolved     contributors: [ [Object], [Object], [Object], [Object] ],
62 silly install resolved     _id: 'grunt-cli@0.1.13',
62 silly install resolved     dist:
62 silly install resolved      { shasum: 'e9ebc4047631f5012d922770c39378133cad10f4',
62 silly install resolved        tarball: 'http://registry.npmjs.org/grunt-cli/-/grunt-cli-0.1.13.tgz' },
62 silly install resolved     _from: 'grunt-cli@*',
62 silly install resolved     _npmVersion: '1.3.24',
62 silly install resolved     _npmUser: { name: 'tkellen', email: 'tyler@sleekcode.net' },
62 silly install resolved     maintainers: [ [Object] ],
62 silly install resolved     directories: {},
62 silly install resolved     _shasum: 'e9ebc4047631f5012d922770c39378133cad10f4',
62 silly install resolved     _resolved: 'https://registry.npmjs.org/grunt-cli/-/grunt-cli-0.1.13.tgz',
62 silly install resolved     readme: 'ERROR: No README data found!' },
62 silly install resolved   { name: 'grunt',
62 silly install resolved     description: 'The JavaScript Task Runner',
62 silly install resolved     version: '0.4.5',
62 silly install resolved     author: { name: '"Cowboy" Ben Alman', url: 'http://benalman.com/' },
62 silly install resolved     homepage: 'http://gruntjs.com/',
62 silly install resolved     repository: { type: 'git', url: 'git://github.com/gruntjs/grunt.git' },
62 silly install resolved     bugs: { url: 'http://github.com/gruntjs/grunt/issues' },
62 silly install resolved     licenses: [ [Object] ],
62 silly install resolved     main: 'lib/grunt',
62 silly install resolved     scripts: { test: 'grunt test' },
62 silly install resolved     engines: { node: '>= 0.8.0' },
62 silly install resolved     keywords:
62 silly install resolved      [ 'task',
62 silly install resolved        'async',
62 silly install resolved        'cli',
62 silly install resolved        'minify',
62 silly install resolved        'uglify',
62 silly install resolved        'build',
62 silly install resolved        'lodash',
62 silly install resolved        'unit',
62 silly install resolved        'test',
62 silly install resolved        'qunit',
62 silly install resolved        'nodeunit',
62 silly install resolved        'server',
62 silly install resolved        'init',
62 silly install resolved        'scaffold',
62 silly install resolved        'make',
62 silly install resolved        'jake',
62 silly install resolved        'tool' ],
62 silly install resolved     dependencies:
62 silly install resolved      { async: '~0.1.22',
62 silly install resolved        'coffee-script': '~1.3.3',
62 silly install resolved        colors: '~0.6.2',
62 silly install resolved        dateformat: '1.0.2-1.2.3',
62 silly install resolved        eventemitter2: '~0.4.13',
62 silly install resolved        'findup-sync': '~0.1.2',
62 silly install resolved        glob: '~3.1.21',
62 silly install resolved        hooker: '~0.2.3',
62 silly install resolved        'iconv-lite': '~0.2.11',
62 silly install resolved        minimatch: '~0.2.12',
62 silly install resolved        nopt: '~1.0.10',
62 silly install resolved        rimraf: '~2.2.8',
62 silly install resolved        lodash: '~0.9.2',
62 silly install resolved        'underscore.string': '~2.2.1',
62 silly install resolved        which: '~1.0.5',
62 silly install resolved        'js-yaml': '~2.0.5',
62 silly install resolved        exit: '~0.1.1',
62 silly install resolved        getobject: '~0.1.0',
62 silly install resolved        'grunt-legacy-util': '~0.2.0',
62 silly install resolved        'grunt-legacy-log': '~0.1.0' },
62 silly install resolved     devDependencies:
62 silly install resolved      { temporary: '~0.0.4',
62 silly install resolved        'grunt-contrib-jshint': '~0.6.4',
62 silly install resolved        'grunt-contrib-nodeunit': '~0.2.0',
62 silly install resolved        'grunt-contrib-watch': '~0.5.3',
62 silly install resolved        difflet: '~0.2.3',
62 silly install resolved        semver: '2.1.0',
62 silly install resolved        shelljs: '~0.2.5' },
62 silly install resolved     _id: 'grunt@0.4.5',
62 silly install resolved     dist:
62 silly install resolved      { shasum: '56937cd5194324adff6d207631832a9d6ba4e7f0',
62 silly install resolved        tarball: 'http://registry.npmjs.org/grunt/-/grunt-0.4.5.tgz' },
62 silly install resolved     _from: 'grunt@*',
62 silly install resolved     _npmVersion: '1.4.4',
62 silly install resolved     _npmUser: { name: 'cowboy', email: 'cowboy@rj3.net' },
62 silly install resolved     maintainers: [ [Object], [Object] ],
62 silly install resolved     directories: {},
62 silly install resolved     _shasum: '56937cd5194324adff6d207631832a9d6ba4e7f0',
62 silly install resolved     _resolved: 'https://registry.npmjs.org/grunt/-/grunt-0.4.5.tgz',
62 silly install resolved     readme: 'ERROR: No README data found!' } ]
63 info install grunt-cli@0.1.13 into /Users/jason.toups/.node/lib
64 info install grunt@0.4.5 into /Users/jason.toups/.node/lib
65 info installOne grunt-cli@0.1.13
66 verbose installOne of grunt-cli to /Users/jason.toups/.node/lib not in flight; installing
67 info installOne grunt@0.4.5
68 verbose installOne of grunt to /Users/jason.toups/.node/lib not in flight; installing
69 verbose lock using /Users/jason.toups/.npm/_locks/grunt-cli-dd8f7ae6e8f72039.lock for /Users/jason.toups/.node/lib/node_modules/grunt-cli
70 verbose lock using /Users/jason.toups/.npm/_locks/grunt-bafe4417c983d720.lock for /Users/jason.toups/.node/lib/node_modules/grunt
71 silly install write writing grunt-cli 0.1.13 to /Users/jason.toups/.node/lib/node_modules/grunt-cli
72 silly install write writing grunt 0.4.5 to /Users/jason.toups/.node/lib/node_modules/grunt
73 verbose unbuild lib/node_modules/grunt-cli
74 verbose unbuild lib/node_modules/grunt
75 info preuninstall grunt@0.4.5
76 info preuninstall grunt-cli@0.1.13
77 info uninstall grunt@0.4.5
78 info uninstall grunt-cli@0.1.13
79 verbose unbuild rmStuff grunt@0.4.5 from /Users/jason.toups/.node/lib/node_modules
80 info postuninstall grunt@0.4.5
81 verbose unbuild rmStuff grunt-cli@0.1.13 from /Users/jason.toups/.node/lib/node_modules
82 silly gentlyRm /Users/jason.toups/.node/bin/grunt is being gently removed
83 silly gentlyRm verifying /Users/jason.toups/.node is an npm working directory
84 silly gentlyRm containing path /Users/jason.toups/.node is under npm's control, in /Users/jason.toups/.node
85 silly gentlyRm deletion target /Users/jason.toups/.node/bin/grunt is under /Users/jason.toups/.node
86 verbose gentlyRm vacuuming from /Users/jason.toups/.node/bin/grunt up to /Users/jason.toups/.node
87 silly gentlyRm /Users/jason.toups/.node/lib/node_modules/grunt is being purged from base /Users/jason.toups/.node
88 verbose gentlyRm don't care about contents; nuking /Users/jason.toups/.node/lib/node_modules/grunt
89 silly vacuum-fs removing /Users/jason.toups/.node/bin/grunt
90 silly vacuum-fs purging /Users/jason.toups/.node/lib/node_modules/grunt
91 silly vacuum-fs quitting because other entries in /Users/jason.toups/.node/bin
92 info postuninstall grunt-cli@0.1.13
93 silly gentlyRm /Users/jason.toups/.node/lib/node_modules/grunt-cli is being purged from base /Users/jason.toups/.node
94 verbose gentlyRm don't care about contents; nuking /Users/jason.toups/.node/lib/node_modules/grunt-cli
95 silly vacuum-fs purging /Users/jason.toups/.node/lib/node_modules/grunt-cli
96 verbose unlock done using /Users/jason.toups/.npm/_locks/grunt-bafe4417c983d720.lock for /Users/jason.toups/.node/lib/node_modules/grunt
97 verbose unlock done using /Users/jason.toups/.npm/_locks/grunt-cli-dd8f7ae6e8f72039.lock for /Users/jason.toups/.node/lib/node_modules/grunt-cli
98 verbose stack Error: EACCES, unlink '/Users/jason.toups/.node/lib/node_modules/grunt/.npmignore'
98 verbose stack     at Error (native)
99 verbose cwd /Users/jason.toups/Documents/ReposAndSDKs/Appium tutorial
100 error Darwin 14.3.0
101 error argv "node" "/usr/local/bin/npm" "install" "-g" "grunt" "grunt-cli"
102 error node v0.12.5
103 error npm  v2.11.2
104 error path /Users/jason.toups/.node/lib/node_modules/grunt/.npmignore
105 error code EACCES
106 error errno -13
107 error Error: EACCES, unlink '/Users/jason.toups/.node/lib/node_modules/grunt/.npmignore'
107 error     at Error (native)
107 error  { [Error: EACCES, unlink '/Users/jason.toups/.node/lib/node_modules/grunt/.npmignore']
107 error   errno: -13,
107 error   code: 'EACCES',
107 error   path: '/Users/jason.toups/.node/lib/node_modules/grunt/.npmignore' }
108 error Please try running this command again as root/Administrator.
109 verbose exit [ -13, true ]
110 verbose unbuild lib/node_modules/grunt
111 info preuninstall grunt@0.4.5
112 info uninstall grunt@0.4.5
113 verbose unbuild rmStuff grunt@0.4.5 from /Users/jason.toups/.node/lib/node_modules
114 info postuninstall grunt@0.4.5
115 silly gentlyRm /Users/jason.toups/.node/lib/node_modules/grunt is being purged from base /Users/jason.toups/.node
116 verbose gentlyRm don't care about contents; nuking /Users/jason.toups/.node/lib/node_modules/grunt
117 silly vacuum-fs purging /Users/jason.toups/.node/lib/node_modules/grunt
118 error error rolling back Error: EACCES, unlink '/Users/jason.toups/.node/lib/node_modules/grunt/.npmignore'
118 error error rolling back     at Error (native)
118 error error rolling back  { [Error: EACCES, unlink '/Users/jason.toups/.node/lib/node_modules/grunt/.npmignore']
118 error error rolling back   errno: -13,
118 error error rolling back   code: 'EACCES',
118 error error rolling back   path: '/Users/jason.toups/.node/lib/node_modules/grunt/.npmignore' }
